# JRE version: OpenJDK Runtime Environment Temurin-17.0.13+11 (17.0.13+11) (build 17.0.13+11)
# Java VM: OpenJDK 64-Bit Server VM Temurin-17.0.13+11 (17.0.13+11, mixed mode, tiered, compressed oops, compressed class ptrs, parallel gc, windows-amd64)
GC Precious Log:
 CPUs: 4 total, 4 available
 Memory: 5163M
 Large Page Support: Disabled
 NUMA Support: Disabled
 Compressed Oops: Enabled (32-bit)
 Alignments: Space 512K, Generation 512K, Heap 2M
 Heap Min Capacity: 100M
 Heap Initial Capacity: 100M
 Heap Max Capacity: 1G
 Pre-touch: Disabled
 Parallel Workers: 4
Heap:
 PSYoungGen      total 16896K, used 5241K [0x00000000eab00000, 0x00000000ebd80000, 0x0000000100000000)
  eden space 14848K, 21% used [0x00000000eab00000,0x00000000eae241a8,0x00000000eb980000)
  from space 2048K, 98% used [0x00000000ebb80000,0x00000000ebd7a310,0x00000000ebd80000)
  to   space 2048K, 0% used [0x00000000eb980000,0x00000000eb980000,0x00000000ebb80000)
 ParOldGen       total 68608K, used 68122K [0x00000000c0000000, 0x00000000c4300000, 0x00000000eab00000)
  object space 68608K, 99% used [0x00000000c0000000,0x00000000c4286900,0x00000000c4300000)
 Metaspace       used 73735K, committed 75008K, reserved 1179648K
  class space    used 7877K, committed 8512K, reserved 1048576K
GC Heap History (20 events):
Event: 18.179 GC heap before
{Heap before GC invocations=39 (full 3):
 PSYoungGen      total 18432K, used 18117K [0x00000000eab00000, 0x00000000ebf80000, 0x0000000100000000)
  eden space 16384K, 99% used [0x00000000eab00000,0x00000000ebafcce8,0x00000000ebb00000)
  from space 2048K, 85% used [0x00000000ebc00000,0x00000000ebdb4ae0,0x00000000ebe00000)
  to   space 1536K, 0% used [0x00000000ebe00000,0x00000000ebe00000,0x00000000ebf80000)
 ParOldGen       total 68608K, used 50187K [0x00000000c0000000, 0x00000000c4300000, 0x00000000eab00000)
  object space 68608K, 73% used [0x00000000c0000000,0x00000000c3102e50,0x00000000c4300000)
 Metaspace       used 69730K, committed 70976K, reserved 1114112K
  class space    used 7443K, committed 8000K, reserved 1048576K
}
Event: 18.183 GC heap after
{Heap after GC invocations=39 (full 3):
 PSYoungGen      total 16896K, used 1524K [0x00000000eab00000, 0x00000000ec300000, 0x0000000100000000)
  eden space 15360K, 0% used [0x00000000eab00000,0x00000000eab00000,0x00000000eba00000)
  from space 1536K, 99% used [0x00000000ebe00000,0x00000000ebf7d120,0x00000000ebf80000)
  to   space 4096K, 0% used [0x00000000eba00000,0x00000000eba00000,0x00000000ebe00000)
 ParOldGen       total 68608K, used 51976K [0x00000000c0000000, 0x00000000c4300000, 0x00000000eab00000)
  object space 68608K, 75% used [0x00000000c0000000,0x00000000c32c2198,0x00000000c4300000)
 Metaspace       used 69730K, committed 70976K, reserved 1114112K
  class space    used 7443K, committed 8000K, reserved 1048576K
}
Event: 18.435 GC heap before
{Heap before GC invocations=40 (full 3):
 PSYoungGen      total 16896K, used 16884K [0x00000000eab00000, 0x00000000ec300000, 0x0000000100000000)
  eden space 15360K, 100% used [0x00000000eab00000,0x00000000eba00000,0x00000000eba00000)
  from space 1536K, 99% used [0x00000000ebe00000,0x00000000ebf7d120,0x00000000ebf80000)
  to   space 4096K, 0% used [0x00000000eba00000,0x00000000eba00000,0x00000000ebe00000)
 ParOldGen       total 68608K, used 51976K [0x00000000c0000000, 0x00000000c4300000, 0x00000000eab00000)
  object space 68608K, 75% used [0x00000000c0000000,0x00000000c32c2198,0x00000000c4300000)
 Metaspace       used 70000K, committed 71168K, reserved 1114112K
  class space    used 7474K, committed 8000K, reserved 1048576K
}
Event: 18.440 GC heap after
{Heap after GC invocations=40 (full 3):
 PSYoungGen      total 16896K, used 1513K [0x00000000eab00000, 0x00000000ebf00000, 0x0000000100000000)
  eden space 15360K, 0% used [0x00000000eab00000,0x00000000eab00000,0x00000000eba00000)
  from space 1536K, 98% used [0x00000000eba00000,0x00000000ebb7a588,0x00000000ebb80000)
  to   space 2560K, 0% used [0x00000000ebc80000,0x00000000ebc80000,0x00000000ebf00000)
 ParOldGen       total 68608K, used 53501K [0x00000000c0000000, 0x00000000c4300000, 0x00000000eab00000)
  object space 68608K, 77% used [0x00000000c0000000,0x00000000c343f560,0x00000000c4300000)
 Metaspace       used 70000K, committed 71168K, reserved 1114112K
  class space    used 7474K, committed 8000K, reserved 1048576K
}
Event: 18.825 GC heap before
{Heap before GC invocations=41 (full 3):
 PSYoungGen      total 16896K, used 16873K [0x00000000eab00000, 0x00000000ebf00000, 0x0000000100000000)
  eden space 15360K, 100% used [0x00000000eab00000,0x00000000eba00000,0x00000000eba00000)
  from space 1536K, 98% used [0x00000000eba00000,0x00000000ebb7a588,0x00000000ebb80000)
  to   space 2560K, 0% used [0x00000000ebc80000,0x00000000ebc80000,0x00000000ebf00000)
 ParOldGen       total 68608K, used 53501K [0x00000000c0000000, 0x00000000c4300000, 0x00000000eab00000)
  object space 68608K, 77% used [0x00000000c0000000,0x00000000c343f560,0x00000000c4300000)
 Metaspace       used 70200K, committed 71360K, reserved 1114112K
  class space    used 7476K, committed 8000K, reserved 1048576K
}
Event: 18.828 GC heap after
{Heap after GC invocations=41 (full 3):
 PSYoungGen      total 16896K, used 1296K [0x00000000eab00000, 0x00000000ebe00000, 0x0000000100000000)
  eden space 15360K, 0% used [0x00000000eab00000,0x00000000eab00000,0x00000000eba00000)
  from space 1536K, 84% used [0x00000000ebc80000,0x00000000ebdc4010,0x00000000ebe00000)
  to   space 1536K, 0% used [0x00000000eba00000,0x00000000eba00000,0x00000000ebb80000)
 ParOldGen       total 68608K, used 54761K [0x00000000c0000000, 0x00000000c4300000, 0x00000000eab00000)
  object space 68608K, 79% used [0x00000000c0000000,0x00000000c357a6f8,0x00000000c4300000)
 Metaspace       used 70200K, committed 71360K, reserved 1114112K
  class space    used 7476K, committed 8000K, reserved 1048576K
}
Event: 18.986 GC heap before
{Heap before GC invocations=42 (full 3):
 PSYoungGen      total 16896K, used 16656K [0x00000000eab00000, 0x00000000ebe00000, 0x0000000100000000)
  eden space 15360K, 100% used [0x00000000eab00000,0x00000000eba00000,0x00000000eba00000)
  from space 1536K, 84% used [0x00000000ebc80000,0x00000000ebdc4010,0x00000000ebe00000)
  to   space 1536K, 0% used [0x00000000eba00000,0x00000000eba00000,0x00000000ebb80000)
 ParOldGen       total 68608K, used 54761K [0x00000000c0000000, 0x00000000c4300000, 0x00000000eab00000)
  object space 68608K, 79% used [0x00000000c0000000,0x00000000c357a6f8,0x00000000c4300000)
 Metaspace       used 70317K, committed 71488K, reserved 1114112K
  class space    used 7478K, committed 8000K, reserved 1048576K
}
Event: 18.991 GC heap after
{Heap after GC invocations=42 (full 3):
 PSYoungGen      total 16896K, used 1536K [0x00000000eab00000, 0x00000000ec000000, 0x0000000100000000)
  eden space 15360K, 0% used [0x00000000eab00000,0x00000000eab00000,0x00000000eba00000)
  from space 1536K, 100% used [0x00000000eba00000,0x00000000ebb80000,0x00000000ebb80000)
  to   space 3072K, 0% used [0x00000000ebd00000,0x00000000ebd00000,0x00000000ec000000)
 ParOldGen       total 68608K, used 55959K [0x00000000c0000000, 0x00000000c4300000, 0x00000000eab00000)
  object space 68608K, 81% used [0x00000000c0000000,0x00000000c36a5ec8,0x00000000c4300000)
 Metaspace       used 70317K, committed 71488K, reserved 1114112K
  class space    used 7478K, committed 8000K, reserved 1048576K
}
Event: 19.294 GC heap before
{Heap before GC invocations=43 (full 3):
 PSYoungGen      total 16896K, used 16896K [0x00000000eab00000, 0x00000000ec000000, 0x0000000100000000)
  eden space 15360K, 100% used [0x00000000eab00000,0x00000000eba00000,0x00000000eba00000)
  from space 1536K, 100% used [0x00000000eba00000,0x00000000ebb80000,0x00000000ebb80000)
  to   space 3072K, 0% used [0x00000000ebd00000,0x00000000ebd00000,0x00000000ec000000)
 ParOldGen       total 68608K, used 55959K [0x00000000c0000000, 0x00000000c4300000, 0x00000000eab00000)
  object space 68608K, 81% used [0x00000000c0000000,0x00000000c36a5ec8,0x00000000c4300000)
 Metaspace       used 70612K, committed 71808K, reserved 1114112K
  class space    used 7504K, committed 8064K, reserved 1048576K
}
Event: 19.298 GC heap after
{Heap after GC invocations=43 (full 3):
 PSYoungGen      total 17408K, used 1935K [0x00000000eab00000, 0x00000000ebf00000, 0x0000000100000000)
  eden space 15360K, 0% used [0x00000000eab00000,0x00000000eab00000,0x00000000eba00000)
  from space 2048K, 94% used [0x00000000ebd00000,0x00000000ebee3ff8,0x00000000ebf00000)
  to   space 2560K, 0% used [0x00000000eba00000,0x00000000eba00000,0x00000000ebc80000)
 ParOldGen       total 68608K, used 56986K [0x00000000c0000000, 0x00000000c4300000, 0x00000000eab00000)
  object space 68608K, 83% used [0x00000000c0000000,0x00000000c37a6940,0x00000000c4300000)
 Metaspace       used 70612K, committed 71808K, reserved 1114112K
  class space    used 7504K, committed 8064K, reserved 1048576K
}
Event: 19.897 GC heap before
{Heap before GC invocations=44 (full 3):
 PSYoungGen      total 17408K, used 17295K [0x00000000eab00000, 0x00000000ebf00000, 0x0000000100000000)
  eden space 15360K, 100% used [0x00000000eab00000,0x00000000eba00000,0x00000000eba00000)
  from space 2048K, 94% used [0x00000000ebd00000,0x00000000ebee3ff8,0x00000000ebf00000)
  to   space 2560K, 0% used [0x00000000eba00000,0x00000000eba00000,0x00000000ebc80000)
 ParOldGen       total 68608K, used 56986K [0x00000000c0000000, 0x00000000c4300000, 0x00000000eab00000)
  object space 68608K, 83% used [0x00000000c0000000,0x00000000c37a6940,0x00000000c4300000)
 Metaspace       used 71050K, committed 72256K, reserved 1114112K
  class space    used 7568K, committed 8128K, reserved 1048576K
}
Event: 19.899 GC heap after
{Heap after GC invocations=44 (full 3):
 PSYoungGen      total 17920K, used 2199K [0x00000000eab00000, 0x00000000ebf00000, 0x0000000100000000)
  eden space 15360K, 0% used [0x00000000eab00000,0x00000000eab00000,0x00000000eba00000)
  from space 2560K, 85% used [0x00000000eba00000,0x00000000ebc25c08,0x00000000ebc80000)
  to   space 2560K, 0% used [0x00000000ebc80000,0x00000000ebc80000,0x00000000ebf00000)
 ParOldGen       total 68608K, used 58648K [0x00000000c0000000, 0x00000000c4300000, 0x00000000eab00000)
  object space 68608K, 85% used [0x00000000c0000000,0x00000000c39462c0,0x00000000c4300000)
 Metaspace       used 71050K, committed 72256K, reserved 1114112K
  class space    used 7568K, committed 8128K, reserved 1048576K
}
Event: 20.083 GC heap before
{Heap before GC invocations=45 (full 3):
 PSYoungGen      total 17920K, used 17559K [0x00000000eab00000, 0x00000000ebf00000, 0x0000000100000000)
  eden space 15360K, 100% used [0x00000000eab00000,0x00000000eba00000,0x00000000eba00000)
  from space 2560K, 85% used [0x00000000eba00000,0x00000000ebc25c08,0x00000000ebc80000)
  to   space 2560K, 0% used [0x00000000ebc80000,0x00000000ebc80000,0x00000000ebf00000)
 ParOldGen       total 68608K, used 58648K [0x00000000c0000000, 0x00000000c4300000, 0x00000000eab00000)
  object space 68608K, 85% used [0x00000000c0000000,0x00000000c39462c0,0x00000000c4300000)
 Metaspace       used 71508K, committed 72704K, reserved 1114112K
  class space    used 7617K, committed 8192K, reserved 1048576K
}
Event: 20.086 GC heap after
{Heap after GC invocations=45 (full 3):
 PSYoungGen      total 17408K, used 1737K [0x00000000eab00000, 0x00000000ebe80000, 0x0000000100000000)
  eden space 15360K, 0% used [0x00000000eab00000,0x00000000eab00000,0x00000000eba00000)
  from space 2048K, 84% used [0x00000000ebc80000,0x00000000ebe325f8,0x00000000ebe80000)
  to   space 2048K, 0% used [0x00000000eba80000,0x00000000eba80000,0x00000000ebc80000)
 ParOldGen       total 68608K, used 60457K [0x00000000c0000000, 0x00000000c4300000, 0x00000000eab00000)
  object space 68608K, 88% used [0x00000000c0000000,0x00000000c3b0a798,0x00000000c4300000)
 Metaspace       used 71508K, committed 72704K, reserved 1114112K
  class space    used 7617K, committed 8192K, reserved 1048576K
}
Event: 20.517 GC heap before
{Heap before GC invocations=46 (full 3):
 PSYoungGen      total 17408K, used 17097K [0x00000000eab00000, 0x00000000ebe80000, 0x0000000100000000)
  eden space 15360K, 100% used [0x00000000eab00000,0x00000000eba00000,0x00000000eba00000)
  from space 2048K, 84% used [0x00000000ebc80000,0x00000000ebe325f8,0x00000000ebe80000)
  to   space 2048K, 0% used [0x00000000eba80000,0x00000000eba80000,0x00000000ebc80000)
 ParOldGen       total 68608K, used 60457K [0x00000000c0000000, 0x00000000c4300000, 0x00000000eab00000)
  object space 68608K, 88% used [0x00000000c0000000,0x00000000c3b0a798,0x00000000c4300000)
 Metaspace       used 72303K, committed 73472K, reserved 1179648K
  class space    used 7692K, committed 8256K, reserved 1048576K
}
Event: 20.521 GC heap after
{Heap after GC invocations=46 (full 3):
 PSYoungGen      total 16896K, used 1465K [0x00000000eab00000, 0x00000000ebe00000, 0x0000000100000000)
  eden space 15360K, 0% used [0x00000000eab00000,0x00000000eab00000,0x00000000eba00000)
  from space 1536K, 95% used [0x00000000eba80000,0x00000000ebbee780,0x00000000ebc00000)
  to   space 2048K, 0% used [0x00000000ebc00000,0x00000000ebc00000,0x00000000ebe00000)
 ParOldGen       total 68608K, used 62068K [0x00000000c0000000, 0x00000000c4300000, 0x00000000eab00000)
  object space 68608K, 90% used [0x00000000c0000000,0x00000000c3c9d230,0x00000000c4300000)
 Metaspace       used 72303K, committed 73472K, reserved 1179648K
  class space    used 7692K, committed 8256K, reserved 1048576K
}
Event: 20.944 GC heap before
{Heap before GC invocations=47 (full 3):
 PSYoungGen      total 16896K, used 16825K [0x00000000eab00000, 0x00000000ebe00000, 0x0000000100000000)
  eden space 15360K, 100% used [0x00000000eab00000,0x00000000eba00000,0x00000000eba00000)
  from space 1536K, 95% used [0x00000000eba80000,0x00000000ebbee780,0x00000000ebc00000)
  to   space 2048K, 0% used [0x00000000ebc00000,0x00000000ebc00000,0x00000000ebe00000)
 ParOldGen       total 68608K, used 62068K [0x00000000c0000000, 0x00000000c4300000, 0x00000000eab00000)
  object space 68608K, 90% used [0x00000000c0000000,0x00000000c3c9d230,0x00000000c4300000)
 Metaspace       used 72760K, committed 73984K, reserved 1179648K
  class space    used 7748K, committed 8320K, reserved 1048576K
}
Event: 20.947 GC heap after
{Heap after GC invocations=47 (full 3):
 PSYoungGen      total 16896K, used 2020K [0x00000000eab00000, 0x00000000ebf00000, 0x0000000100000000)
  eden space 14848K, 0% used [0x00000000eab00000,0x00000000eab00000,0x00000000eb980000)
  from space 2048K, 98% used [0x00000000ebc00000,0x00000000ebdf92e8,0x00000000ebe00000)
  to   space 2560K, 0% used [0x00000000eb980000,0x00000000eb980000,0x00000000ebc00000)
 ParOldGen       total 68608K, used 63372K [0x00000000c0000000, 0x00000000c4300000, 0x00000000eab00000)
  object space 68608K, 92% used [0x00000000c0000000,0x00000000c3de3230,0x00000000c4300000)
 Metaspace       used 72760K, committed 73984K, reserved 1179648K
  class space    used 7748K, committed 8320K, reserved 1048576K
}
Event: 21.342 GC heap before
{Heap before GC invocations=48 (full 3):
 PSYoungGen      total 16896K, used 16868K [0x00000000eab00000, 0x00000000ebf00000, 0x0000000100000000)
  eden space 14848K, 100% used [0x00000000eab00000,0x00000000eb980000,0x00000000eb980000)
  from space 2048K, 98% used [0x00000000ebc00000,0x00000000ebdf92e8,0x00000000ebe00000)
  to   space 2560K, 0% used [0x00000000eb980000,0x00000000eb980000,0x00000000ebc00000)
 ParOldGen       total 68608K, used 63372K [0x00000000c0000000, 0x00000000c4300000, 0x00000000eab00000)
  object space 68608K, 92% used [0x00000000c0000000,0x00000000c3de3230,0x00000000c4300000)
 Metaspace       used 73684K, committed 75008K, reserved 1179648K
  class space    used 7875K, committed 8512K, reserved 1048576K
}
Event: 21.344 GC heap after
{Heap after GC invocations=48 (full 3):
 PSYoungGen      total 16896K, used 1776K [0x00000000eab00000, 0x00000000ebd80000, 0x0000000100000000)
  eden space 14848K, 0% used [0x00000000eab00000,0x00000000eab00000,0x00000000eb980000)
  from space 2048K, 86% used [0x00000000eb980000,0x00000000ebb3c190,0x00000000ebb80000)
  to   space 2048K, 0% used [0x00000000ebb80000,0x00000000ebb80000,0x00000000ebd80000)
 ParOldGen       total 68608K, used 65237K [0x00000000c0000000, 0x00000000c4300000, 0x00000000eab00000)
  object space 68608K, 95% used [0x00000000c0000000,0x00000000c3fb5590,0x00000000c4300000)
 Metaspace       used 73684K, committed 75008K, reserved 1179648K
  class space    used 7875K, committed 8512K, reserved 1048576K
}

